<?xml version="1.0" encoding="UTF-8"?>
<testsuite xmlns:xsi="http://www.w3.org/2001/XMLSchema-instance" xsi:noNamespaceSchemaLocation="https://maven.apache.org/surefire/maven-surefire-plugin/xsd/surefire-test-report-3.0.xsd" version="3.0" name="examples.ExamplesTest" time="9.812" tests="1" errors="0" skipped="0" failures="1">
  <properties>
[...]
</properties>
  <testcase name="testParallel" classname="examples.ExamplesTest" time="9.771">
    <failure message="status code was: 405, expected: 200, response time in milliseconds: 594, url: https://petstore.swagger.io/v2/pet/5001, response: &#10;&lt;?xml version=&quot;1.0&quot; encoding=&quot;UTF-8&quot; standalone=&quot;yes&quot;?&gt;&lt;apiResponse&gt;&lt;type&gt;unknown&lt;/type&gt;&lt;/apiResponse&gt;&#10;classpath:examples/PetStore/UpdatePet.feature:24&#10;classpath:examples/PetStore/AAAAAA.feature:10&#10;status code was: 405, expected: 200, response time in milliseconds: 2362, url: https://petstore.swagger.io/v2/pet/5001, response: &#10;&lt;?xml version=&quot;1.0&quot; encoding=&quot;UTF-8&quot; standalone=&quot;yes&quot;?&gt;&lt;apiResponse&gt;&lt;type&gt;unknown&lt;/type&gt;&lt;/apiResponse&gt;&#10;classpath:examples/PetStore/UpdatePet.feature:24 ==&gt; expected: &lt;0&gt; but was: &lt;2&gt;" type="org.opentest4j.AssertionFailedError"><![CDATA[org.opentest4j.AssertionFailedError: 
status code was: 405, expected: 200, response time in milliseconds: 594, url: https://petstore.swagger.io/v2/pet/5001, response: 
<?xml version="1.0" encoding="UTF-8" standalone="yes"?><apiResponse><type>unknown</type></apiResponse>
classpath:examples/PetStore/UpdatePet.feature:24
classpath:examples/PetStore/AAAAAA.feature:10
status code was: 405, expected: 200, response time in milliseconds: 2362, url: https://petstore.swagger.io/v2/pet/5001, response: 
<?xml version="1.0" encoding="UTF-8" standalone="yes"?><apiResponse><type>unknown</type></apiResponse>
classpath:examples/PetStore/UpdatePet.feature:24 ==> expected: <0> but was: <2>
	at org.junit.jupiter.api.AssertionFailureBuilder.build(AssertionFailureBuilder.java:151)
	at org.junit.jupiter.api.AssertionFailureBuilder.buildAndThrow(AssertionFailureBuilder.java:132)
	at org.junit.jupiter.api.AssertEquals.failNotEqual(AssertEquals.java:197)
	at org.junit.jupiter.api.AssertEquals.assertEquals(AssertEquals.java:150)
	at org.junit.jupiter.api.Assertions.assertEquals(Assertions.java:563)
	at examples.ExamplesTest.testParallel(ExamplesTest.java:15)
	at java.base/java.lang.reflect.Method.invoke(Method.java:580)
	at java.base/java.util.ArrayList.forEach(ArrayList.java:1596)
	at java.base/java.util.ArrayList.forEach(ArrayList.java:1596)
]]></failure>
    <system-out><![CDATA[13:57:10.870 [main] DEBUG com.intuit.karate.Suite - [config] classpath:karate-config.js
13:57:10.881 [main] DEBUG com.intuit.karate.Suite - waiting for 5 features to complete
13:57:12.592 [pool-2-thread-4] INFO  com.intuit.karate - karate.env system property was: null 
13:57:12.592 [pool-2-thread-1] INFO  com.intuit.karate - karate.env system property was: null 
13:57:12.592 [pool-2-thread-3] INFO  com.intuit.karate - karate.env system property was: null 
13:57:12.592 [pool-2-thread-2] INFO  com.intuit.karate - karate.env system property was: null 
13:57:12.592 [pool-2-thread-5] INFO  com.intuit.karate - karate.env system property was: null 
13:57:13.007 [pool-2-thread-5] DEBUG com.intuit.karate - request:
1 > PUT https://petstore.swagger.io/v2/pet/5001
1 > Host: petstore.swagger.io
1 > Connection: Keep-Alive
1 > User-Agent: Apache-HttpClient/4.5.14 (Java/21.0.7)
1 > Accept-Encoding: gzip,deflate


13:57:13.007 [pool-2-thread-2] DEBUG com.intuit.karate - request:
1 > GET https://petstore.swagger.io/v2/pet/5001
1 > Host: petstore.swagger.io
1 > Connection: Keep-Alive
1 > User-Agent: Apache-HttpClient/4.5.14 (Java/21.0.7)
1 > Accept-Encoding: gzip,deflate


13:57:13.007 [pool-2-thread-3] DEBUG com.intuit.karate - request:
1 > DELETE https://petstore.swagger.io/v2/pet/5001
1 > Host: petstore.swagger.io
1 > Connection: Keep-Alive
1 > User-Agent: Apache-HttpClient/4.5.14 (Java/21.0.7)
1 > Accept-Encoding: gzip,deflate


13:57:13.007 [pool-2-thread-1] DEBUG com.intuit.karate - request:
1 > POST https://petstore.swagger.io/v2/pet
1 > Content-Type: application/json; charset=UTF-8
1 > Content-Length: 139
1 > Host: petstore.swagger.io
1 > Connection: Keep-Alive
1 > User-Agent: Apache-HttpClient/4.5.14 (Java/21.0.7)
1 > Accept-Encoding: gzip,deflate
{"id":5001,"category":{"id":0,"name":"Cat"},"name":"Pelusa","photoUrls":["string"],"tags":[{"id":0,"name":"mascota"}],"status":"available"}

13:57:13.007 [pool-2-thread-4] DEBUG com.intuit.karate - request:
1 > POST https://petstore.swagger.io/v2/pet
1 > Content-Type: application/json; charset=UTF-8
1 > Content-Length: 139
1 > Host: petstore.swagger.io
1 > Connection: Keep-Alive
1 > User-Agent: Apache-HttpClient/4.5.14 (Java/21.0.7)
1 > Accept-Encoding: gzip,deflate
{"id":5001,"category":{"id":0,"name":"Cat"},"name":"Pelusa","photoUrls":["string"],"tags":[{"id":0,"name":"mascota"}],"status":"available"}

13:57:15.377 [pool-2-thread-4] DEBUG com.intuit.karate - response time in milliseconds: 2362
1 < 200
1 < Date: Tue, 29 Apr 2025 17:57:17 GMT
1 < Content-Type: application/json
1 < Transfer-Encoding: chunked
1 < Connection: keep-alive
1 < Access-Control-Allow-Origin: *
1 < Access-Control-Allow-Methods: GET, POST, DELETE, PUT
1 < Access-Control-Allow-Headers: Content-Type, api_key, Authorization
1 < Server: Jetty(9.2.9.v20150224)
{"id":5001,"category":{"id":0,"name":"Cat"},"name":"Pelusa","photoUrls":["string"],"tags":[{"id":0,"name":"mascota"}],"status":"available"}

13:57:15.377 [pool-2-thread-2] DEBUG com.intuit.karate - response time in milliseconds: 2362
1 < 200
1 < Date: Tue, 29 Apr 2025 17:57:17 GMT
1 < Content-Type: application/json
1 < Transfer-Encoding: chunked
1 < Connection: keep-alive
1 < Access-Control-Allow-Origin: *
1 < Access-Control-Allow-Methods: GET, POST, DELETE, PUT
1 < Access-Control-Allow-Headers: Content-Type, api_key, Authorization
1 < Server: Jetty(9.2.9.v20150224)
{"id":5001,"category":{"id":0,"name":"cat"},"name":"Pelusa","photoUrls":["string"],"tags":[{"id":0,"name":"mascota"}],"status":"available"}

13:57:15.377 [pool-2-thread-1] DEBUG com.intuit.karate - response time in milliseconds: 2362
1 < 200
1 < Date: Tue, 29 Apr 2025 17:57:17 GMT
1 < Content-Type: application/json
1 < Transfer-Encoding: chunked
1 < Connection: keep-alive
1 < Access-Control-Allow-Origin: *
1 < Access-Control-Allow-Methods: GET, POST, DELETE, PUT
1 < Access-Control-Allow-Headers: Content-Type, api_key, Authorization
1 < Server: Jetty(9.2.9.v20150224)
{"id":5001,"category":{"id":0,"name":"Cat"},"name":"Pelusa","photoUrls":["string"],"tags":[{"id":0,"name":"mascota"}],"status":"available"}

13:57:15.377 [pool-2-thread-3] DEBUG com.intuit.karate - response time in milliseconds: 2362
1 < 200
1 < Date: Tue, 29 Apr 2025 17:57:17 GMT
1 < Content-Type: application/json
1 < Transfer-Encoding: chunked
1 < Connection: keep-alive
1 < Access-Control-Allow-Origin: *
1 < Access-Control-Allow-Methods: GET, POST, DELETE, PUT
1 < Access-Control-Allow-Headers: Content-Type, api_key, Authorization
1 < Server: Jetty(9.2.9.v20150224)
{"code":200,"type":"unknown","message":"5001"}

13:57:15.377 [pool-2-thread-5] DEBUG com.intuit.karate - response time in milliseconds: 2362
1 < 405
1 < Date: Tue, 29 Apr 2025 17:57:17 GMT
1 < Content-Type: application/xml
1 < Content-Length: 102
1 < Connection: keep-alive
1 < Access-Control-Allow-Origin: *
1 < Access-Control-Allow-Methods: GET, POST, DELETE, PUT
1 < Access-Control-Allow-Headers: Content-Type, api_key, Authorization
1 < Server: Jetty(9.2.9.v20150224)
<?xml version="1.0" encoding="UTF-8" standalone="yes"?><apiResponse><type>unknown</type></apiResponse>

13:57:15.453 [pool-2-thread-5] ERROR com.intuit.karate - classpath:examples/PetStore/UpdatePet.feature:24
Then status 200
status code was: 405, expected: 200, response time in milliseconds: 2362, url: https://petstore.swagger.io/v2/pet/5001, response: 
<?xml version="1.0" encoding="UTF-8" standalone="yes"?><apiResponse><type>unknown</type></apiResponse>
classpath:examples/PetStore/UpdatePet.feature:24
13:57:15.507 [pool-2-thread-4] DEBUG c.intuit.karate.core.ScenarioEngine - over-writing existing variable 'petId' with new value: 5001
13:57:15.516 [pool-2-thread-4] DEBUG com.intuit.karate - request:
1 > GET https://petstore.swagger.io/v2/pet/5001
1 > Host: petstore.swagger.io
1 > Connection: Keep-Alive
1 > User-Agent: Apache-HttpClient/4.5.14 (Java/21.0.7)
1 > Accept-Encoding: gzip,deflate


---------------------------------------------------------
feature: classpath:examples/PetStore/1.CreatePet.feature
scenarios:  1 | passed:  1 | failed:  0 | time: 2,8109
---------------------------------------------------------

13:57:16.512 [pool-3-thread-1] INFO  com.intuit.karate.Suite - <<pass>> feature 1 of 5 (4 remaining) classpath:examples/PetStore/1.CreatePet.feature
---------------------------------------------------------
feature: classpath:examples/PetStore/2.GetPet.feature
scenarios:  1 | passed:  1 | failed:  0 | time: 2,8089
---------------------------------------------------------

13:57:16.644 [pool-3-thread-1] INFO  com.intuit.karate.Suite - <<pass>> feature 2 of 5 (3 remaining) classpath:examples/PetStore/2.GetPet.feature
---------------------------------------------------------
feature: classpath:examples/PetStore/3.DeletePet.feature
scenarios:  1 | passed:  1 | failed:  0 | time: 2,7470
---------------------------------------------------------

13:57:16.731 [pool-3-thread-1] INFO  com.intuit.karate.Suite - <<pass>> feature 3 of 5 (2 remaining) classpath:examples/PetStore/3.DeletePet.feature
13:57:17.394 [pool-2-thread-4] DEBUG com.intuit.karate - response time in milliseconds: 1876
1 < 200
1 < Date: Tue, 29 Apr 2025 17:57:19 GMT
1 < Content-Type: application/json
1 < Transfer-Encoding: chunked
1 < Connection: keep-alive
1 < Access-Control-Allow-Origin: *
1 < Access-Control-Allow-Methods: GET, POST, DELETE, PUT
1 < Access-Control-Allow-Headers: Content-Type, api_key, Authorization
1 < Server: Jetty(9.2.9.v20150224)
{"id":5001,"category":{"id":0,"name":"Cat"},"name":"Pelusa","photoUrls":["string"],"tags":[{"id":0,"name":"mascota"}],"status":"available"}

13:57:17.427 [pool-2-thread-4] DEBUG c.intuit.karate.core.ScenarioEngine - over-writing existing variable 'petId' with new value: 5001
13:57:17.433 [pool-2-thread-4] DEBUG com.intuit.karate - request:
1 > PUT https://petstore.swagger.io/v2/pet/5001
1 > Host: petstore.swagger.io
1 > Connection: Keep-Alive
1 > User-Agent: Apache-HttpClient/4.5.14 (Java/21.0.7)
1 > Accept-Encoding: gzip,deflate


13:57:18.028 [pool-2-thread-4] DEBUG com.intuit.karate - response time in milliseconds: 594
1 < 405
1 < Date: Tue, 29 Apr 2025 17:57:20 GMT
1 < Content-Type: application/xml
1 < Content-Length: 102
1 < Connection: keep-alive
1 < Access-Control-Allow-Origin: *
1 < Access-Control-Allow-Methods: GET, POST, DELETE, PUT
1 < Access-Control-Allow-Headers: Content-Type, api_key, Authorization
1 < Server: Jetty(9.2.9.v20150224)
<?xml version="1.0" encoding="UTF-8" standalone="yes"?><apiResponse><type>unknown</type></apiResponse>

13:57:18.032 [pool-2-thread-4] ERROR com.intuit.karate - classpath:examples/PetStore/UpdatePet.feature:24
Then status 200
status code was: 405, expected: 200, response time in milliseconds: 594, url: https://petstore.swagger.io/v2/pet/5001, response: 
<?xml version="1.0" encoding="UTF-8" standalone="yes"?><apiResponse><type>unknown</type></apiResponse>
classpath:examples/PetStore/UpdatePet.feature:24
13:57:18.033 [pool-2-thread-4] ERROR com.intuit.karate - classpath:examples/PetStore/AAAAAA.feature:10
* call read('UpdatePet.feature') { petId: '#(petId)' }
status code was: 405, expected: 200, response time in milliseconds: 594, url: https://petstore.swagger.io/v2/pet/5001, response: 
<?xml version="1.0" encoding="UTF-8" standalone="yes"?><apiResponse><type>unknown</type></apiResponse>
classpath:examples/PetStore/UpdatePet.feature:24
classpath:examples/PetStore/AAAAAA.feature:10
---------------------------------------------------------
feature: classpath:examples/PetStore/AAAAAA.feature
scenarios:  1 | passed:  0 | failed:  1 | time: 5,3908
---------------------------------------------------------

13:57:18.471 [pool-3-thread-1] INFO  com.intuit.karate.Suite - <<fail>> feature 4 of 5 (1 remaining) classpath:examples/PetStore/AAAAAA.feature
---------------------------------------------------------
feature: classpath:examples/PetStore/UpdatePet.feature
scenarios:  1 | passed:  0 | failed:  1 | time: 2,7936
---------------------------------------------------------

13:57:18.552 [pool-3-thread-1] INFO  com.intuit.karate.Suite - <<fail>> feature 5 of 5 (0 remaining) classpath:examples/PetStore/UpdatePet.feature
Karate version: 1.5.0
======================================================
elapsed:   8,90 | threads:    5 | thread time: 16,55 
features:     5 | skipped:    0 | efficiency: 0,37
scenarios:    5 | passed:     3 | failed: 2
======================================================
>>> failed features:
status code was: 405, expected: 200, response time in milliseconds: 594, url: https://petstore.swagger.io/v2/pet/5001, response: 
<?xml version="1.0" encoding="UTF-8" standalone="yes"?><apiResponse><type>unknown</type></apiResponse>
classpath:examples/PetStore/UpdatePet.feature:24
classpath:examples/PetStore/AAAAAA.feature:10
status code was: 405, expected: 200, response time in milliseconds: 2362, url: https://petstore.swagger.io/v2/pet/5001, response: 
<?xml version="1.0" encoding="UTF-8" standalone="yes"?><apiResponse><type>unknown</type></apiResponse>
classpath:examples/PetStore/UpdatePet.feature:24
<<<

HTML report: (paste into browser to view) | Karate version: 1.5.0
file:///C:/Users/2025/Desktop/Universidad/Semestre%205/QA/KarateGit/target/karate-reports/karate-summary.html
===================================================================

]]></system-out>
    <system-err><![CDATA[line 1:0 token recognition error at: 'f'
line 1:1 token recognition error at: 'u'
line 1:2 token recognition error at: 'l'
line 1:3 token recognition error at: 'l'
line 1:4 token recognition error at: '_'
line 1:5 token recognition error at: 'f'
line 1:6 token recognition error at: 'l'
line 1:7 token recognition error at: 'o'
line 1:8 token recognition error at: 'w'
line 1:9 token recognition error at: '_'
line 1:10 token recognition error at: 'p'
line 1:11 token recognition error at: 'e'
line 1:12 token recognition error at: 't'
line 1:13 token recognition error at: '.'
line 1:14 token recognition error at: 'f'
line 1:15 token recognition error at: 'e'
line 1:16 token recognition error at: 'a'
line 1:17 token recognition error at: 't'
line 1:18 token recognition error at: 'u'
line 1:19 token recognition error at: 'r'
line 1:20 token recognition error at: 'e'
line 1:21 token recognition error at: ' ('
line 1:23 token recognition error at: 'O'
line 1:24 token recognition error at: 'r'
line 1:25 token recognition error at: 'q'
line 1:26 token recognition error at: 'u'
line 1:27 token recognition error at: 'e'
line 1:28 token recognition error at: 's'
line 1:29 token recognition error at: 't'
line 1:30 token recognition error at: 'a'
line 1:31 token recognition error at: 'd'
line 1:32 token recognition error at: 'o'
line 1:33 token recognition error at: 'r'
line 1:34 token recognition error at: ')'
line 1:0 token recognition error at: 'f'
line 1:1 token recognition error at: 'u'
line 1:2 token recognition error at: 'l'
line 1:3 token recognition error at: 'l'
line 1:4 token recognition error at: '_'
line 1:5 token recognition error at: 'f'
line 1:6 token recognition error at: 'l'
line 1:7 token recognition error at: 'o'
line 1:8 token recognition error at: 'w'
line 1:9 token recognition error at: '_'
line 1:10 token recognition error at: 'p'
line 1:11 token recognition error at: 'e'
line 1:12 token recognition error at: 't'
line 1:13 token recognition error at: '.'
line 1:14 token recognition error at: 'f'
line 1:15 token recognition error at: 'e'
line 1:16 token recognition error at: 'a'
line 1:17 token recognition error at: 't'
line 1:18 token recognition error at: 'u'
line 1:19 token recognition error at: 'r'
line 1:20 token recognition error at: 'e'
line 1:21 token recognition error at: ' ('
line 1:23 token recognition error at: 'O'
line 1:24 token recognition error at: 'r'
line 1:25 token recognition error at: 'q'
line 1:26 token recognition error at: 'u'
line 1:27 token recognition error at: 'e'
line 1:28 token recognition error at: 's'
line 1:29 token recognition error at: 't'
line 1:30 token recognition error at: 'a'
line 1:31 token recognition error at: 'd'
line 1:32 token recognition error at: 'o'
line 1:33 token recognition error at: 'r'
line 1:34 token recognition error at: ')'
]]></system-err>
  </testcase>
</testsuite>